GET /all
GET /test_test
POST /create/column/test_test/test%20column
GET /all
GET /test_test
POST /create/column/test_test/test%20column
GET /all
GET /test_test
POST /create/column/test_test/test%20column
GET /all
GET /test_test
POST /create/column/test_test/test%20column
GET /all
GET /test_test
POST /create/card/test_test/test%20column/test%20card
GET /all
GET /test_test
GET /all
GET /test_test
POST /create/card/test_test/test-column/test-card
GET /all
GET /test_test
POST /create/card/test_test/test-column/test-card
GET /all
POST /create/board/qwe
GET /all
GET /qwe
POST /create/card/qwe/test-column/test-card
GET /all
GET /qwe
POST /create/column/qwe/test-column
GET /all
GET /qwe
POST /create/column/qwe/test-column
GET /all
GET /qwe
POST /create/column/qwe/test-column
GET /all
GET /qwe
POST /create/column/qwe/test-column
GET /all
GET /qwe
POST /create/column/qwe/test-column
GET /all
GET /qwe
POST /create/column/qwe/test-column
GET /all
GET /qwe
POST /create/column/qwe/test-column
GET /all
GET /qwe
POST /create/column/qwe/test-column
GET /all
GET /qwe
POST /create/column/qwe/test-column
GET /all
GET /qwe
POST /create/column/qwe/test-column
GET /all
GET /qwe
POST /create/column/qwe/test-column
GET /all
GET /qwe
POST /create/column/qwe/test-column
GET /all
GET /qwe
POST /create/column/qwe/test-column
POST /create/column/qwe/test-column
GET /all
GET /qwe
POST /create/column/qwe/name-column
GET /all
GET /qwe
POST /create/column/qwe/name-column
GET /all
GET /qwe
POST /create/column/qwe/name-column
GET /all
GET /qwe
POST /create/column/qwe/name-column
GET /all
GET /qwe
POST /create/column/qwe/name-column
GET /all
GET /qwe
POST /create/column/qwe/name-column
GET /all
GET /qwe
POST /create/column/qwe/name-column
GET /all
GET /qwe
POST /create/column/qwe/name-column
GET /all
GET /qwe
POST /create/column/qwe/name-column
GET /all
GET /qwe
POST /create/column/qwe/name-column
GET /all
GET /qwe
POST /create/column/qwe/name-column
GET /all
GET /qwe
POST /create/column/qwe/name-column
GET /all
GET /qwe
POST /create/column/qwe/name-column
GET /all
GET /qwe
POST /create/column/qwe/name-column
GET /all
GET /qwe
POST /create/column/qwe/name-column
POST /create/column/qwe/name-column
GET /all
GET /qwe
POST /create/column/qwe/name-column
GET /all
GET /qwe
POST /create/column/qwe/name-column
GET /all
GET /qwe
POST /create/column/qwe/name-column
GET /all
GET /qwe
POST /create/card/qwe/name-column/test-card
GET /all
GET /qwe
POST /create/card/qwe/name-column/test-card
GET /all
GET /qwe
POST /create/card/qwe/name-column/test-card
GET /all
GET /qwe
POST /create/card/qwe/name-column/test-card
POST /create/card/qwe/name-column/test-card
GET /all
GET /qwe
POST /create/card/qwe/name-column/test-card
POST /create/card/qwe/name-column/test-card
GET /all
GET /all
GET /qwe
POST /create/card/qwe/name-column/test-card
GET /all
GET /qwe
POST /create/card/qwe/name-column/test-card
GET /all
GET /undefined
POST /create/cardundefined/name-column/test-card
GET /all
GET /undefined
POST /create/cardundefined/name-column/test-card
GET /all
GET /undefined
POST /create/cardundefined/name-column/test-card
GET /all
GET /undefined
POST /create/cardundefined/name-column/test-card
GET /all
GET /5f0ef26e45aa4d3cfd6a01dd
GET /all
GET /5f0ef26e45aa4d3cfd6a01dd
GET /all
GET /5f0ef26e45aa4d3cfd6a01dd
GET /all
GET /5f0ef26e45aa4d3cfd6a01dd
GET /all
GET /5f0ef26e45aa4d3cfd6a01dd
GET /all
GET /5f0ef26e45aa4d3cfd6a01dd
GET /all
GET /5f0ef26e45aa4d3cfd6a01dd
GET /all
GET /5f0ef26e45aa4d3cfd6a01dd
GET /all
GET /5f0ef26e45aa4d3cfd6a01dd
GET /all
GET /5f0ef26e45aa4d3cfd6a01dd
GET /all
GET /5f0ef26e45aa4d3cfd6a01dd
GET /all
GET /5f0ef26e45aa4d3cfd6a01dd
GET /all
GET /5f0ef26e45aa4d3cfd6a01dd
GET /all
GET /5f0ef26e45aa4d3cfd6a01dd
GET /all
GET /5f0ef26e45aa4d3cfd6a01dd
GET /all
GET /5f0ef26e45aa4d3cfd6a01dd
GET /all
GET /5f0ef26e45aa4d3cfd6a01dd
GET /all
GET /5f0ef26e45aa4d3cfd6a01dd
GET /all
GET /all
GET /5f0ef26e45aa4d3cfd6a01dd
GET /all
GET /5f0ef26e45aa4d3cfd6a01dd
GET /all
GET /5f0ef26e45aa4d3cfd6a01dd
GET /all
GET /5f0ef26e45aa4d3cfd6a01dd
GET /all
GET /5f0ef26e45aa4d3cfd6a01dd
GET /all
GET /5f0ef26e45aa4d3cfd6a01dd
GET /all
GET /5f0ef26e45aa4d3cfd6a01dd
GET /all
GET /5f0ef26e45aa4d3cfd6a01dd
GET /all
GET /5f0ef26e45aa4d3cfd6a01dd
GET /all
GET /5f0ef26e45aa4d3cfd6a01dd
GET /all
GET /5f0ef26e45aa4d3cfd6a01dd
GET /all
GET /5f0ef26e45aa4d3cfd6a01dd
GET /all
GET /5f0ef26e45aa4d3cfd6a01dd
GET /all
GET /5f0ef26e45aa4d3cfd6a01dd
GET /all
GET /5f0ef26e45aa4d3cfd6a01dd
GET /all
GET /5f0ef26e45aa4d3cfd6a01dd
GET /all
GET /5f0ef26e45aa4d3cfd6a01dd
GET /all
GET /5f0ef26e45aa4d3cfd6a01dd
GET /all
GET /5f0ef26e45aa4d3cfd6a01dd
GET /all
GET /5f0ef26e45aa4d3cfd6a01dd
GET /all
GET /5f0ef26e45aa4d3cfd6a01dd
GET /all
GET /5f0ef26e45aa4d3cfd6a01dd
GET /all
GET /5f0ef26e45aa4d3cfd6a01dd
GET /all
GET /5f0ef26e45aa4d3cfd6a01dd
GET /all
GET /5f0ef26e45aa4d3cfd6a01dd
GET /all
GET /5f0ef26e45aa4d3cfd6a01dd
GET /all
GET /5f0ef26e45aa4d3cfd6a01dd
GET /all
GET /5f0ef26e45aa4d3cfd6a01dd
GET /all
GET /5f0ef26e45aa4d3cfd6a01dd
GET /all
GET /5f0ef26e45aa4d3cfd6a01dd
GET /all
GET /5f0ef26e45aa4d3cfd6a01dd
GET /all
GET /5f0ef26e45aa4d3cfd6a01dd
GET /all
GET /5f0ef26e45aa4d3cfd6a01dd
GET /all
GET /5f0ef26e45aa4d3cfd6a01dd
GET /all
GET /5f0ef26e45aa4d3cfd6a01dd
GET /all
GET /5f0ef26e45aa4d3cfd6a01dd
GET /all
GET /5f0ef26e45aa4d3cfd6a01dd
GET /all
GET /5f0ef26e45aa4d3cfd6a01dd
GET /all
GET /5f0ef26e45aa4d3cfd6a01dd
GET /all
GET /5f0ef26e45aa4d3cfd6a01dd
GET /all
GET /5f0ef26e45aa4d3cfd6a01dd
GET /all
GET /5f0ef26e45aa4d3cfd6a01dd
GET /all
GET /5f0ef26e45aa4d3cfd6a01dd
GET /all
GET /5f0ef26e45aa4d3cfd6a01dd
GET /all
GET /5f0ef26e45aa4d3cfd6a01dd
GET /all
GET /5f0ef26e45aa4d3cfd6a01dd
GET /all
GET /5f0ef26e45aa4d3cfd6a01dd
GET /all
GET /5f0ef26e45aa4d3cfd6a01dd
GET /all
GET /5f0ef26e45aa4d3cfd6a01dd
GET /all
GET /5f0ef26e45aa4d3cfd6a01dd
GET /all
GET /5f0ef26e45aa4d3cfd6a01dd
GET /all
GET /5f0ef26e45aa4d3cfd6a01dd
GET /all
GET /5f0ef26e45aa4d3cfd6a01dd
GET /all
GET /5f0ef26e45aa4d3cfd6a01dd
GET /all
GET /5f0ef26e45aa4d3cfd6a01dd
GET /all
GET /5f0ef26e45aa4d3cfd6a01dd
GET /all
GET /5f0ef26e45aa4d3cfd6a01dd
GET /all
GET /5f0ef26e45aa4d3cfd6a01dd
GET /all
GET /5f0ef26e45aa4d3cfd6a01dd
GET /all
GET /5f0ef26e45aa4d3cfd6a01dd
GET /all
GET /5f0ef26e45aa4d3cfd6a01dd
GET /all
GET /5f0ef26e45aa4d3cfd6a01dd
GET /all
GET /5f0ef26e45aa4d3cfd6a01dd
GET /all
GET /5f0ef26e45aa4d3cfd6a01dd
GET /all
GET /5f0ef26e45aa4d3cfd6a01dd
GET /all
GET /5f0ef26e45aa4d3cfd6a01dd
GET /all
GET /5f0ef26e45aa4d3cfd6a01dd
GET /all
GET /all
GET /5f0ef26e45aa4d3cfd6a01dd
GET /qwe
GET /all
GET /5f0ef26e45aa4d3cfd6a01dd
GET /all
GET /5f0ef26e45aa4d3cfd6a01dd
GET /all
GET /5f0ef26e45aa4d3cfd6a01dd
GET /all
GET /5f0ef26e45aa4d3cfd6a01dd
GET /all
GET /5f0ef26e45aa4d3cfd6a01dd
GET /all
GET /5f0ef26e45aa4d3cfd6a01dd
GET /all
GET /5f0ef26e45aa4d3cfd6a01dd
GET /all
GET /5f0ef26e45aa4d3cfd6a01dd
GET /all
GET /5f0ef26e45aa4d3cfd6a01dd
GET /all
GET /5f0ef26e45aa4d3cfd6a01dd
GET /all
GET /5f0ef26e45aa4d3cfd6a01dd
GET /all
GET /5f0ef26e45aa4d3cfd6a01dd
GET /all
GET /5f0ef26e45aa4d3cfd6a01dd
GET /all
GET /5f0ef26e45aa4d3cfd6a01dd
GET /all
GET /5f0ef26e45aa4d3cfd6a01dd
GET /all
GET /5f0ef26e45aa4d3cfd6a01dd
GET /all
GET /5f0ef26e45aa4d3cfd6a01dd
GET /all
GET /5f0ef26e45aa4d3cfd6a01dd
GET /all
GET /5f0ef26e45aa4d3cfd6a01dd
GET /all
GET /5f0ef26e45aa4d3cfd6a01dd
GET /all
GET /5f0ef26e45aa4d3cfd6a01dd
GET /all
GET /5f0ef26e45aa4d3cfd6a01dd
GET /all
GET /5f0ef26e45aa4d3cfd6a01dd
GET /all
GET /5f0ef26e45aa4d3cfd6a01dd
GET /all
GET /5f0ef26e45aa4d3cfd6a01dd
GET /all
GET /5f0ef26e45aa4d3cfd6a01dd
GET /all
GET /5f0ef26e45aa4d3cfd6a01dd
GET /all
GET /5f0ef26e45aa4d3cfd6a01dd
GET /all
GET /5f0ef26e45aa4d3cfd6a01dd
GET /all
GET /5f0ef26e45aa4d3cfd6a01dd
GET /all
GET /5f0ef26e45aa4d3cfd6a01dd
GET /all
GET /5f0ef26e45aa4d3cfd6a01dd
GET /all
GET /5f0ef26e45aa4d3cfd6a01dd
GET /all
GET /5f0ef26e45aa4d3cfd6a01dd
GET /all
GET /5f0ef26e45aa4d3cfd6a01dd
GET /all
GET /5f0ef26e45aa4d3cfd6a01dd
GET /all
GET /5f0ef26e45aa4d3cfd6a01dd
GET /all
GET /5f0ef26e45aa4d3cfd6a01dd
GET /all
GET /5f0ef26e45aa4d3cfd6a01dd
GET /all
GET /5f0ef26e45aa4d3cfd6a01dd
GET /all
GET /5f0ef26e45aa4d3cfd6a01dd
GET /all
GET /5f0ef26e45aa4d3cfd6a01dd
GET /all
GET /5f0ef26e45aa4d3cfd6a01dd
GET /all
GET /5f0ef26e45aa4d3cfd6a01dd
GET /all
GET /5f0ef26e45aa4d3cfd6a01dd
GET /all
GET /5f0ef26e45aa4d3cfd6a01dd
GET /all
GET /5f0ef26e45aa4d3cfd6a01dd
GET /all
GET /5f0ef26e45aa4d3cfd6a01dd
GET /all
GET /5f0ef26e45aa4d3cfd6a01dd
GET /all
GET /5f0ef26e45aa4d3cfd6a01dd
GET /all
GET /5f0ef26e45aa4d3cfd6a01dd
GET /all
GET /5f0ef26e45aa4d3cfd6a01dd
GET /all
GET /5f0ef26e45aa4d3cfd6a01dd
GET /all
GET /5f0ef26e45aa4d3cfd6a01dd
GET /all
GET /5f0ef26e45aa4d3cfd6a01dd
GET /all
GET /5f0ef26e45aa4d3cfd6a01dd
GET /all
GET /5f0ef26e45aa4d3cfd6a01dd
GET /all
GET /5f0ef26e45aa4d3cfd6a01dd
GET /all
GET /5f0ef26e45aa4d3cfd6a01dd
GET /all
GET /5f0ef26e45aa4d3cfd6a01dd
GET /all
GET /5f0ef26e45aa4d3cfd6a01dd
GET /all
GET /5f0ef26e45aa4d3cfd6a01dd
GET /all
GET /5f0ef26e45aa4d3cfd6a01dd
GET /all
GET /5f0ef26e45aa4d3cfd6a01dd
GET /all
GET /5f0ef26e45aa4d3cfd6a01dd
GET /all
GET /5f0ef26e45aa4d3cfd6a01dd
GET /all
GET /5f0ef26e45aa4d3cfd6a01dd
GET /all
GET /5f0ef26e45aa4d3cfd6a01dd
GET /all
GET /5f0ef26e45aa4d3cfd6a01dd
GET /all
GET /5f0ef26e45aa4d3cfd6a01dd
GET /all
GET /5f0ef26e45aa4d3cfd6a01dd
GET /all
GET /5f0ef26e45aa4d3cfd6a01dd
GET /all
GET /5f0ef26e45aa4d3cfd6a01dd
GET /all
GET /5f0ef26e45aa4d3cfd6a01dd
GET /all
GET /5f0ef26e45aa4d3cfd6a01dd
GET /all
GET /5f0ef26e45aa4d3cfd6a01dd
GET /all
GET /5f0ef26e45aa4d3cfd6a01dd
GET /all
GET /5f0ef26e45aa4d3cfd6a01dd
GET /all
GET /5f0ef26e45aa4d3cfd6a01dd
GET /all
GET /5f0ef26e45aa4d3cfd6a01dd
GET /all
GET /5f0ef26e45aa4d3cfd6a01dd
GET /all
GET /5f0ef26e45aa4d3cfd6a01dd
GET /all
GET /5f0ef26e45aa4d3cfd6a01dd
GET /all
GET /5f0ef26e45aa4d3cfd6a01dd
GET /all
GET /5f0ef26e45aa4d3cfd6a01dd
GET /all
GET /5f0ef26e45aa4d3cfd6a01dd
GET /all
GET /5f0ef26e45aa4d3cfd6a01dd
GET /all
GET /5f0ef26e45aa4d3cfd6a01dd
GET /all
GET /5f0ef26e45aa4d3cfd6a01dd
GET /all
GET /5f0ef26e45aa4d3cfd6a01dd
GET /all
GET /5f0ef26e45aa4d3cfd6a01dd
GET /all
GET /5f0ef26e45aa4d3cfd6a01dd
GET /all
GET /5f0ef26e45aa4d3cfd6a01dd
GET /all
GET /5f0ef26e45aa4d3cfd6a01dd
GET /all
GET /5f0ef26e45aa4d3cfd6a01dd
GET /all
GET /5f0ef26e45aa4d3cfd6a01dd
GET /all
GET /all
GET /5f0ef26e45aa4d3cfd6a01dd
GET /all
GET /5f0ef26e45aa4d3cfd6a01dd
GET /all
GET /5f0ef26e45aa4d3cfd6a01dd
GET /all
GET /5f0ef26e45aa4d3cfd6a01dd
GET /all
GET /5f0ef26e45aa4d3cfd6a01dd
GET /all
GET /5f0ef26e45aa4d3cfd6a01dd
GET /all
GET /5f0ef26e45aa4d3cfd6a01dd
GET /all
GET /5f0ef26e45aa4d3cfd6a01dd
GET /all
GET /5f0ef26e45aa4d3cfd6a01dd
GET /all
GET /5f0ef26e45aa4d3cfd6a01dd
GET /all
GET /5f0ef26e45aa4d3cfd6a01dd
GET /all
GET /5f0ef26e45aa4d3cfd6a01dd
GET /all
GET /5f0ef26e45aa4d3cfd6a01dd
GET /all
GET /5f0ef26e45aa4d3cfd6a01dd
GET /all
GET /5f0ef26e45aa4d3cfd6a01dd
GET /all
GET /5f0ef26e45aa4d3cfd6a01dd
GET /all
GET /5f0ef26e45aa4d3cfd6a01dd
GET /all
GET /5f0ef26e45aa4d3cfd6a01dd
GET /all
GET /5f0ef26e45aa4d3cfd6a01dd
GET /all
GET /5f0ef26e45aa4d3cfd6a01dd
GET /all
GET /5f0ef26e45aa4d3cfd6a01dd
GET /all
GET /5f0ef26e45aa4d3cfd6a01dd
GET /all
GET /5f0ef26e45aa4d3cfd6a01dd
GET /all
GET /5f0ef26e45aa4d3cfd6a01dd
GET /all
GET /5f0ef26e45aa4d3cfd6a01dd
GET /all
GET /5f0ef26e45aa4d3cfd6a01dd
GET /all
GET /5f0ef26e45aa4d3cfd6a01dd
GET /all
GET /5f0ef26e45aa4d3cfd6a01dd
GET /all
GET /5f0ef26e45aa4d3cfd6a01dd
GET /all
GET /5f0ef26e45aa4d3cfd6a01dd
GET /all
GET /all
GET /all
POST /create/board/qwee
GET /all
GET /5f0ef26e45aa4d3cfd6a01dd
GET /all
GET /5f0ef26e45aa4d3cfd6a01dd
GET /
GET /favicon.ico
GET /all
GET /5f0ef26e45aa4d3cfd6a01dd
GET /all
GET /5f0ef26e45aa4d3cfd6a01dd
POST /create/column/5f0ef26e45aa4d3cfd6a01dd/qweee
GET /all
GET /5f103a2f1b73545b404ce62a
GET /all
GET /5f103a2f1b73545b404ce62a
GET /all
GET /5f103a2f1b73545b404ce62a
POST /create/column/5f103a2f1b73545b404ce62a/gg
GET /5f103a2f1b73545b404ce62a
GET /all
GET /5f103a2f1b73545b404ce62a
GET /5f103a2f1b73545b404ce62a
POST /create/column/5f103a2f1b73545b404ce62a/sdf
GET /all
GET /5f103a2f1b73545b404ce62a
GET /all
GET /5f103a2f1b73545b404ce62a
GET /all
GET /5f103a2f1b73545b404ce62a
POST /create/column/5f103a2f1b73545b404ce62a/qq
GET /5f103a2f1b73545b404ce62a
GET /all
GET /5f103a2f1b73545b404ce62a
POST /create/column/5f103a2f1b73545b404ce62a/qwesd
GET /all
GET /5f103a2f1b73545b404ce62a
POST /create/column/5f103a2f1b73545b404ce62a/jdmjddjd
GET /all
GET /5f103a2f1b73545b404ce62a
POST /create/column/5f103a2f1b73545b404ce62a/asd
GET /all
GET /5f103a2f1b73545b404ce62a
GET /all
GET /5f103a2f1b73545b404ce62a
GET /5f103a2f1b73545b404ce62a
GET /5f103a2f1b73545b404ce62a
GET /5f103a2f1b73545b404ce62a
GET /5f103a2f1b73545b404ce62a
GET /5f103a2f1b73545b404ce62a
GET /5f103a2f1b73545b404ce62a
GET /5f103a2f1b73545b404ce62a
GET /5f103a2f1b73545b404ce62a
GET /5f103a2f1b73545b404ce62a
GET /5f103a2f1b73545b404ce62a
GET /5f103a2f1b73545b404ce62a
GET /5f103a2f1b73545b404ce62a
GET /5f103a2f1b73545b404ce62a
GET /5f103a2f1b73545b404ce62a
GET /5f103a2f1b73545b404ce62a
GET /5f103a2f1b73545b404ce62a
GET /5f103a2f1b73545b404ce62a
GET /5f103a2f1b73545b404ce62a
GET /5f103a2f1b73545b404ce62a
GET /5f103a2f1b73545b404ce62a
GET /5f103a2f1b73545b404ce62a
POST /create/column/5f103a2f1b73545b404ce62a/sdf
GET /5f103a2f1b73545b404ce62a
GET /5f103a2f1b73545b404ce62a
GET /5f103a2f1b73545b404ce62a
GET /5f103a2f1b73545b404ce62a
GET /5f103a2f1b73545b404ce62a
GET /5f103a2f1b73545b404ce62a
GET /5f103a2f1b73545b404ce62a
GET /5f103a2f1b73545b404ce62a
POST /create/column/5f103a2f1b73545b404ce62a/sdfdfe
GET /5f103a2f1b73545b404ce62a
GET /5f103a2f1b73545b404ce62a
GET /5f103a2f1b73545b404ce62a
GET /5f103a2f1b73545b404ce62a
GET /5f103a2f1b73545b404ce62a
GET /5f103a2f1b73545b404ce62a
GET /5f103a2f1b73545b404ce62a
GET /5f103a2f1b73545b404ce62a
POST /create/column/5f103a2f1b73545b404ce62a/sdfdfee
GET /5f103a2f1b73545b404ce62a
GET /5f103a2f1b73545b404ce62a
GET /5f103a2f1b73545b404ce62a
GET /5f103a2f1b73545b404ce62a
GET /5f103a2f1b73545b404ce62a
GET /5f103a2f1b73545b404ce62a
GET /5f103a2f1b73545b404ce62a
GET /5f103a2f1b73545b404ce62a
GET /5f103a2f1b73545b404ce62a
GET /5f103a2f1b73545b404ce62a
GET /5f103a2f1b73545b404ce62a
GET /5f103a2f1b73545b404ce62a
GET /5f103a2f1b73545b404ce62a
GET /5f103a2f1b73545b404ce62a
GET /5f103a2f1b73545b404ce62a
GET /5f103a2f1b73545b404ce62a
GET /5f103a2f1b73545b404ce62a
GET /5f103a2f1b73545b404ce62a
GET /5f103a2f1b73545b404ce62a
GET /5f103a2f1b73545b404ce62a
GET /5f103a2f1b73545b404ce62a
GET /5f103a2f1b73545b404ce62a
GET /5f103a2f1b73545b404ce62a
GET /5f103a2f1b73545b404ce62a
GET /5f103a2f1b73545b404ce62a
GET /5f103a2f1b73545b404ce62a
GET /5f103a2f1b73545b404ce62a
GET /5f103a2f1b73545b404ce62a
GET /5f103a2f1b73545b404ce62a
GET /5f103a2f1b73545b404ce62a
GET /5f103a2f1b73545b404ce62a
GET /all
GET /5f103a2f1b73545b404ce62a
GET /5f103a2f1b73545b404ce62a
GET /5f103a2f1b73545b404ce62a
GET /5f103a2f1b73545b404ce62a
GET /5f103a2f1b73545b404ce62a
GET /5f103a2f1b73545b404ce62a
GET /5f103a2f1b73545b404ce62a
GET /5f103a2f1b73545b404ce62a
GET /5f103a2f1b73545b404ce62a
GET /5f103a2f1b73545b404ce62a
GET /5f103a2f1b73545b404ce62a
GET /5f103a2f1b73545b404ce62a
GET /5f103a2f1b73545b404ce62a
GET /5f103a2f1b73545b404ce62a
GET /5f103a2f1b73545b404ce62a
GET /5f103a2f1b73545b404ce62a
GET /5f103a2f1b73545b404ce62a
POST /create/column/5f103a2f1b73545b404ce62a/hfhfh
GET /5f103a2f1b73545b404ce62a
GET /5f103a2f1b73545b404ce62a
GET /5f103a2f1b73545b404ce62a
GET /5f103a2f1b73545b404ce62a
GET /5f103a2f1b73545b404ce62a
GET /5f103a2f1b73545b404ce62a
GET /5f103a2f1b73545b404ce62a
GET /5f103a2f1b73545b404ce62a
GET /5f103a2f1b73545b404ce62a
GET /5f103a2f1b73545b404ce62a
GET /5f103a2f1b73545b404ce62a
GET /5f103a2f1b73545b404ce62a
POST /create/column/5f103a2f1b73545b404ce62a/hfhfhkd
GET /5f103a2f1b73545b404ce62a
GET /5f103a2f1b73545b404ce62a
GET /5f103a2f1b73545b404ce62a
GET /5f103a2f1b73545b404ce62a
GET /5f103a2f1b73545b404ce62a
GET /5f103a2f1b73545b404ce62a
GET /5f103a2f1b73545b404ce62a
GET /5f103a2f1b73545b404ce62a
GET /5f103a2f1b73545b404ce62a
GET /5f103a2f1b73545b404ce62a
GET /5f103a2f1b73545b404ce62a
GET /5f103a2f1b73545b404ce62a
GET /5f103a2f1b73545b404ce62a
GET /5f103a2f1b73545b404ce62a
GET /5f103a2f1b73545b404ce62a
GET /5f103a2f1b73545b404ce62a
GET /5f103a2f1b73545b404ce62a
GET /5f103a2f1b73545b404ce62a
GET /5f103a2f1b73545b404ce62a
GET /5f103a2f1b73545b404ce62a
GET /5f103a2f1b73545b404ce62a
GET /5f103a2f1b73545b404ce62a
GET /5f103a2f1b73545b404ce62a
GET /5f103a2f1b73545b404ce62a
GET /5f103a2f1b73545b404ce62a
GET /5f103a2f1b73545b404ce62a
GET /5f103a2f1b73545b404ce62a
GET /5f103a2f1b73545b404ce62a
GET /5f103a2f1b73545b404ce62a
GET /5f103a2f1b73545b404ce62a
GET /5f103a2f1b73545b404ce62a
GET /5f103a2f1b73545b404ce62a
GET /5f103a2f1b73545b404ce62a
GET /5f103a2f1b73545b404ce62a
GET /5f103a2f1b73545b404ce62a
GET /5f103a2f1b73545b404ce62a
GET /5f103a2f1b73545b404ce62a
GET /5f103a2f1b73545b404ce62a
GET /5f103a2f1b73545b404ce62a
GET /5f103a2f1b73545b404ce62a
GET /5f103a2f1b73545b404ce62a
GET /5f103a2f1b73545b404ce62a
GET /5f103a2f1b73545b404ce62a
GET /5f103a2f1b73545b404ce62a
GET /5f103a2f1b73545b404ce62a
GET /5f103a2f1b73545b404ce62a
GET /5f103a2f1b73545b404ce62a
GET /5f103a2f1b73545b404ce62a
GET /5f103a2f1b73545b404ce62a
GET /5f103a2f1b73545b404ce62a
GET /5f103a2f1b73545b404ce62a
GET /5f103a2f1b73545b404ce62a
GET /5f103a2f1b73545b404ce62a
GET /5f103a2f1b73545b404ce62a
GET /5f103a2f1b73545b404ce62a
GET /5f103a2f1b73545b404ce62a
GET /5f103a2f1b73545b404ce62a
GET /5f103a2f1b73545b404ce62a
GET /5f103a2f1b73545b404ce62a
GET /5f103a2f1b73545b404ce62a
GET /5f103a2f1b73545b404ce62a
GET /5f103a2f1b73545b404ce62a
GET /5f103a2f1b73545b404ce62a
GET /5f103a2f1b73545b404ce62a
GET /5f103a2f1b73545b404ce62a
GET /5f103a2f1b73545b404ce62a
GET /5f103a2f1b73545b404ce62a
GET /5f103a2f1b73545b404ce62a
GET /5f103a2f1b73545b404ce62a
GET /5f103a2f1b73545b404ce62a
GET /5f103a2f1b73545b404ce62a
GET /5f103a2f1b73545b404ce62a
GET /5f103a2f1b73545b404ce62a
GET /5f103a2f1b73545b404ce62a
GET /5f103a2f1b73545b404ce62a
GET /5f103a2f1b73545b404ce62a
GET /5f103a2f1b73545b404ce62a
GET /5f103a2f1b73545b404ce62a
GET /5f103a2f1b73545b404ce62a
GET /5f103a2f1b73545b404ce62a
GET /5f103a2f1b73545b404ce62a
GET /5f103a2f1b73545b404ce62a
GET /5f103a2f1b73545b404ce62a
GET /5f103a2f1b73545b404ce62a
GET /5f103a2f1b73545b404ce62a
GET /5f103a2f1b73545b404ce62a
GET /5f103a2f1b73545b404ce62a
GET /5f103a2f1b73545b404ce62a
GET /5f103a2f1b73545b404ce62a
GET /5f103a2f1b73545b404ce62a
GET /5f103a2f1b73545b404ce62a
GET /5f103a2f1b73545b404ce62a
GET /5f103a2f1b73545b404ce62a
GET /5f103a2f1b73545b404ce62a
GET /5f103a2f1b73545b404ce62a
GET /5f103a2f1b73545b404ce62a
GET /5f103a2f1b73545b404ce62a
GET /5f103a2f1b73545b404ce62a
GET /5f103a2f1b73545b404ce62a
GET /5f103a2f1b73545b404ce62a
GET /5f103a2f1b73545b404ce62a
GET /5f103a2f1b73545b404ce62a
GET /5f103a2f1b73545b404ce62a
GET /5f103a2f1b73545b404ce62a
GET /5f103a2f1b73545b404ce62a
GET /5f103a2f1b73545b404ce62a
GET /5f103a2f1b73545b404ce62a
GET /5f103a2f1b73545b404ce62a
GET /5f103a2f1b73545b404ce62a
GET /5f103a2f1b73545b404ce62a
GET /5f103a2f1b73545b404ce62a
GET /5f103a2f1b73545b404ce62a
GET /5f103a2f1b73545b404ce62a
GET /5f103a2f1b73545b404ce62a
GET /5f103a2f1b73545b404ce62a
GET /5f103a2f1b73545b404ce62a
GET /5f103a2f1b73545b404ce62a
GET /5f103a2f1b73545b404ce62a
GET /5f103a2f1b73545b404ce62a
GET /5f103a2f1b73545b404ce62a
GET /5f103a2f1b73545b404ce62a
GET /5f103a2f1b73545b404ce62a
GET /5f103a2f1b73545b404ce62a
GET /5f103a2f1b73545b404ce62a
GET /5f103a2f1b73545b404ce62a
GET /5f103a2f1b73545b404ce62a
GET /5f103a2f1b73545b404ce62a
GET /5f103a2f1b73545b404ce62a
GET /5f103a2f1b73545b404ce62a
GET /5f103a2f1b73545b404ce62a
GET /5f103a2f1b73545b404ce62a
GET /5f103a2f1b73545b404ce62a
GET /5f103a2f1b73545b404ce62a
GET /5f103a2f1b73545b404ce62a
POST /create/column/5f103a2f1b73545b404ce62a/df
GET /5f103a2f1b73545b404ce62a
GET /5f103a2f1b73545b404ce62a
GET /5f103a2f1b73545b404ce62a
GET /5f103a2f1b73545b404ce62a
GET /5f103a2f1b73545b404ce62a
GET /5f103a2f1b73545b404ce62a
GET /5f103a2f1b73545b404ce62a
GET /5f103a2f1b73545b404ce62a
POST /create/column/5f103a2f1b73545b404ce62a/dffnbf
GET /5f103a2f1b73545b404ce62a
GET /5f103a2f1b73545b404ce62a
GET /5f103a2f1b73545b404ce62a
GET /5f103a2f1b73545b404ce62a
GET /5f103a2f1b73545b404ce62a
POST /create/column/5f103a2f1b73545b404ce62a/dffnbfvnde
GET /5f103a2f1b73545b404ce62a
GET /5f103a2f1b73545b404ce62a
GET /5f103a2f1b73545b404ce62a
GET /5f103a2f1b73545b404ce62a
GET /5f103a2f1b73545b404ce62a
GET /5f103a2f1b73545b404ce62a
GET /5f103a2f1b73545b404ce62a
POST /create/column/5f103a2f1b73545b404ce62a/dffnbfvndejvnwe
POST /create/column/5f103a2f1b73545b404ce62a/dffnbfvndejvnwe
POST /create/column/5f103a2f1b73545b404ce62a/dffnbfvndejvnwe
POST /create/column/5f103a2f1b73545b404ce62a/dffnbfvndejvnwe
GET /all
GET /5f103a2f1b73545b404ce62a
GET /5f103a2f1b73545b404ce62a
GET /5f103a2f1b73545b404ce62a
GET /5f103a2f1b73545b404ce62a
GET /5f103a2f1b73545b404ce62a
GET /5f103a2f1b73545b404ce62a
GET /5f103a2f1b73545b404ce62a
GET /5f103a2f1b73545b404ce62a
GET /5f103a2f1b73545b404ce62a
GET /5f103a2f1b73545b404ce62a
GET /5f103a2f1b73545b404ce62a
POST /create/column/5f103a2f1b73545b404ce62a/sd
GET /5f103a2f1b73545b404ce62a
GET /5f103a2f1b73545b404ce62a
GET /5f103a2f1b73545b404ce62a
POST /create/column/5f103a2f1b73545b404ce62a/sd
GET /5f103a2f1b73545b404ce62a
GET /5f103a2f1b73545b404ce62a
GET /5f103a2f1b73545b404ce62a
GET /5f103a2f1b73545b404ce62a
POST /create/column/5f103a2f1b73545b404ce62a/sd
GET /5f103a2f1b73545b404ce62a
GET /5f103a2f1b73545b404ce62a
GET /5f103a2f1b73545b404ce62a
POST /create/column/5f103a2f1b73545b404ce62a/sd
GET /5f103a2f1b73545b404ce62a
POST /create/column/5f103a2f1b73545b404ce62a/sd
GET /5f103a2f1b73545b404ce62a
POST /create/column/5f103a2f1b73545b404ce62a/sd
GET /5f103a2f1b73545b404ce62a
POST /create/column/5f103a2f1b73545b404ce62a/sd
POST /create/column/5f103a2f1b73545b404ce62a/sd
POST /create/column/5f103a2f1b73545b404ce62a/sd
GET /all
GET /5f103a2f1b73545b404ce62a
GET /all
GET /5f103a2f1b73545b404ce62a
GET /5f103a2f1b73545b404ce62a
POST /create/column/5f103a2f1b73545b404ce62a/ASD
GET /all
GET /5f103a2f1b73545b404ce62a
GET /5f103a2f1b73545b404ce62a
GET /5f103a2f1b73545b404ce62a
GET /5f103a2f1b73545b404ce62a
POST /create/column/5f103a2f1b73545b404ce62a/df
GET /5f103a2f1b73545b404ce62a
GET /5f103a2f1b73545b404ce62a
GET /5f103a2f1b73545b404ce62a
GET /5f103a2f1b73545b404ce62a
GET /5f103a2f1b73545b404ce62a
GET /5f103a2f1b73545b404ce62a
GET /5f103a2f1b73545b404ce62a
GET /5f103a2f1b73545b404ce62a
GET /5f103a2f1b73545b404ce62a
GET /5f103a2f1b73545b404ce62a
GET /5f103a2f1b73545b404ce62a
GET /5f103a2f1b73545b404ce62a
GET /5f103a2f1b73545b404ce62a
GET /5f103a2f1b73545b404ce62a
GET /5f103a2f1b73545b404ce62a
GET /5f103a2f1b73545b404ce62a
GET /5f103a2f1b73545b404ce62a
GET /5f103a2f1b73545b404ce62a
GET /5f103a2f1b73545b404ce62a
GET /5f103a2f1b73545b404ce62a
GET /5f103a2f1b73545b404ce62a
GET /5f103a2f1b73545b404ce62a
GET /5f103a2f1b73545b404ce62a
GET /5f103a2f1b73545b404ce62a
GET /5f103a2f1b73545b404ce62a
GET /5f103a2f1b73545b404ce62a
GET /5f103a2f1b73545b404ce62a
GET /5f103a2f1b73545b404ce62a
GET /5f103a2f1b73545b404ce62a
GET /5f103a2f1b73545b404ce62a
GET /5f103a2f1b73545b404ce62a
GET /5f103a2f1b73545b404ce62a
GET /5f103a2f1b73545b404ce62a
GET /5f103a2f1b73545b404ce62a
GET /5f103a2f1b73545b404ce62a
GET /5f103a2f1b73545b404ce62a
GET /5f103a2f1b73545b404ce62a
GET /5f103a2f1b73545b404ce62a
GET /5f103a2f1b73545b404ce62a
GET /5f103a2f1b73545b404ce62a
GET /5f103a2f1b73545b404ce62a
GET /5f103a2f1b73545b404ce62a
GET /5f103a2f1b73545b404ce62a
GET /5f103a2f1b73545b404ce62a
GET /5f103a2f1b73545b404ce62a
GET /5f103a2f1b73545b404ce62a
GET /5f103a2f1b73545b404ce62a
GET /5f103a2f1b73545b404ce62a
GET /5f103a2f1b73545b404ce62a
GET /5f103a2f1b73545b404ce62a
GET /5f103a2f1b73545b404ce62a
GET /5f103a2f1b73545b404ce62a
GET /5f103a2f1b73545b404ce62a
GET /5f103a2f1b73545b404ce62a
GET /5f103a2f1b73545b404ce62a
GET /5f103a2f1b73545b404ce62a
GET /5f103a2f1b73545b404ce62a
GET /5f103a2f1b73545b404ce62a
GET /5f103a2f1b73545b404ce62a
GET /5f103a2f1b73545b404ce62a
GET /5f103a2f1b73545b404ce62a
GET /5f103a2f1b73545b404ce62a
GET /5f103a2f1b73545b404ce62a
GET /5f103a2f1b73545b404ce62a
POST /create/column/5f103a2f1b73545b404ce62a/fefefeffefeff
GET /5f103a2f1b73545b404ce62a
GET /5f103a2f1b73545b404ce62a
GET /5f103a2f1b73545b404ce62a
GET /5f103a2f1b73545b404ce62a
GET /5f103a2f1b73545b404ce62a
GET /5f103a2f1b73545b404ce62a
GET /5f103a2f1b73545b404ce62a
GET /5f103a2f1b73545b404ce62a
GET /5f103a2f1b73545b404ce62a
GET /5f103a2f1b73545b404ce62a
GET /5f103a2f1b73545b404ce62a
GET /5f103a2f1b73545b404ce62a
GET /5f103a2f1b73545b404ce62a
GET /5f103a2f1b73545b404ce62a
GET /5f103a2f1b73545b404ce62a
GET /5f103a2f1b73545b404ce62a
GET /5f103a2f1b73545b404ce62a
GET /5f103a2f1b73545b404ce62a
GET /5f103a2f1b73545b404ce62a
GET /5f103a2f1b73545b404ce62a
GET /5f103a2f1b73545b404ce62a
GET /5f103a2f1b73545b404ce62a
GET /5f103a2f1b73545b404ce62a
GET /5f103a2f1b73545b404ce62a
GET /5f103a2f1b73545b404ce62a
GET /5f103a2f1b73545b404ce62a
GET /5f103a2f1b73545b404ce62a
GET /5f103a2f1b73545b404ce62a
GET /5f103a2f1b73545b404ce62a
GET /5f103a2f1b73545b404ce62a
GET /5f103a2f1b73545b404ce62a
GET /5f103a2f1b73545b404ce62a
GET /5f103a2f1b73545b404ce62a
GET /5f103a2f1b73545b404ce62a
GET /5f103a2f1b73545b404ce62a
GET /5f103a2f1b73545b404ce62a
GET /5f103a2f1b73545b404ce62a
GET /5f103a2f1b73545b404ce62a
GET /5f103a2f1b73545b404ce62a
GET /5f103a2f1b73545b404ce62a
GET /5f103a2f1b73545b404ce62a
GET /5f103a2f1b73545b404ce62a
GET /5f103a2f1b73545b404ce62a
GET /5f103a2f1b73545b404ce62a
GET /5f103a2f1b73545b404ce62a
GET /5f103a2f1b73545b404ce62a
GET /5f103a2f1b73545b404ce62a
GET /5f103a2f1b73545b404ce62a
GET /5f103a2f1b73545b404ce62a
GET /5f103a2f1b73545b404ce62a
GET /5f103a2f1b73545b404ce62a
GET /5f103a2f1b73545b404ce62a
GET /5f103a2f1b73545b404ce62a
GET /5f103a2f1b73545b404ce62a
GET /5f103a2f1b73545b404ce62a
GET /5f103a2f1b73545b404ce62a
GET /5f103a2f1b73545b404ce62a
GET /5f103a2f1b73545b404ce62a
GET /5f103a2f1b73545b404ce62a
GET /5f103a2f1b73545b404ce62a
GET /5f103a2f1b73545b404ce62a
GET /5f103a2f1b73545b404ce62a
GET /5f103a2f1b73545b404ce62a
GET /5f103a2f1b73545b404ce62a
GET /5f103a2f1b73545b404ce62a
GET /5f103a2f1b73545b404ce62a
GET /5f103a2f1b73545b404ce62a
GET /5f103a2f1b73545b404ce62a
GET /5f103a2f1b73545b404ce62a
GET /5f103a2f1b73545b404ce62a
GET /5f103a2f1b73545b404ce62a
GET /5f103a2f1b73545b404ce62a
GET /5f103a2f1b73545b404ce62a
GET /5f103a2f1b73545b404ce62a
GET /5f103a2f1b73545b404ce62a
GET /5f103a2f1b73545b404ce62a
GET /5f103a2f1b73545b404ce62a
GET /5f103a2f1b73545b404ce62a
GET /5f103a2f1b73545b404ce62a
GET /5f103a2f1b73545b404ce62a
GET /5f103a2f1b73545b404ce62a
GET /5f103a2f1b73545b404ce62a
GET /5f103a2f1b73545b404ce62a
GET /5f103a2f1b73545b404ce62a
GET /5f103a2f1b73545b404ce62a
GET /5f103a2f1b73545b404ce62a
GET /5f103a2f1b73545b404ce62a
GET /5f103a2f1b73545b404ce62a
GET /5f103a2f1b73545b404ce62a
GET /5f103a2f1b73545b404ce62a
GET /5f103a2f1b73545b404ce62a
GET /5f103a2f1b73545b404ce62a
GET /5f103a2f1b73545b404ce62a
GET /5f103a2f1b73545b404ce62a
GET /5f103a2f1b73545b404ce62a
GET /5f103a2f1b73545b404ce62a
GET /5f103a2f1b73545b404ce62a
GET /5f103a2f1b73545b404ce62a
GET /5f103a2f1b73545b404ce62a
GET /5f103a2f1b73545b404ce62a
GET /5f103a2f1b73545b404ce62a
GET /5f103a2f1b73545b404ce62a
GET /5f103a2f1b73545b404ce62a
GET /5f103a2f1b73545b404ce62a
GET /5f103a2f1b73545b404ce62a
GET /5f103a2f1b73545b404ce62a
GET /5f103a2f1b73545b404ce62a
GET /5f103a2f1b73545b404ce62a
GET /5f103a2f1b73545b404ce62a
GET /5f103a2f1b73545b404ce62a
GET /5f103a2f1b73545b404ce62a
GET /5f103a2f1b73545b404ce62a
GET /5f103a2f1b73545b404ce62a
GET /5f103a2f1b73545b404ce62a
GET /5f103a2f1b73545b404ce62a
GET /5f103a2f1b73545b404ce62a
GET /5f103a2f1b73545b404ce62a
GET /5f103a2f1b73545b404ce62a
GET /5f103a2f1b73545b404ce62a
GET /5f103a2f1b73545b404ce62a
GET /5f103a2f1b73545b404ce62a
GET /5f103a2f1b73545b404ce62a
GET /5f103a2f1b73545b404ce62a
GET /5f103a2f1b73545b404ce62a
GET /5f103a2f1b73545b404ce62a
GET /5f103a2f1b73545b404ce62a
GET /5f103a2f1b73545b404ce62a
GET /5f103a2f1b73545b404ce62a
GET /5f103a2f1b73545b404ce62a
GET /5f103a2f1b73545b404ce62a
GET /5f103a2f1b73545b404ce62a
GET /5f103a2f1b73545b404ce62a
GET /5f103a2f1b73545b404ce62a
GET /5f103a2f1b73545b404ce62a
GET /5f103a2f1b73545b404ce62a
GET /5f103a2f1b73545b404ce62a
GET /5f103a2f1b73545b404ce62a
GET /5f103a2f1b73545b404ce62a
GET /5f103a2f1b73545b404ce62a
GET /5f103a2f1b73545b404ce62a
GET /5f103a2f1b73545b404ce62a
GET /5f103a2f1b73545b404ce62a
GET /5f103a2f1b73545b404ce62a
GET /5f103a2f1b73545b404ce62a
GET /5f103a2f1b73545b404ce62a
GET /5f103a2f1b73545b404ce62a
GET /5f103a2f1b73545b404ce62a
GET /5f103a2f1b73545b404ce62a
GET /5f103a2f1b73545b404ce62a
GET /5f103a2f1b73545b404ce62a
GET /5f103a2f1b73545b404ce62a
GET /5f103a2f1b73545b404ce62a
GET /5f103a2f1b73545b404ce62a
GET /5f103a2f1b73545b404ce62a
GET /5f103a2f1b73545b404ce62a
GET /5f103a2f1b73545b404ce62a
GET /5f103a2f1b73545b404ce62a
GET /5f103a2f1b73545b404ce62a
GET /5f103a2f1b73545b404ce62a
GET /5f103a2f1b73545b404ce62a
GET /5f103a2f1b73545b404ce62a
GET /5f103a2f1b73545b404ce62a
GET /5f103a2f1b73545b404ce62a
GET /5f103a2f1b73545b404ce62a
GET /5f103a2f1b73545b404ce62a
GET /all
GET /5f103a2f1b73545b404ce62a
GET /5f103a2f1b73545b404ce62a
GET /all
GET /5f103a2f1b73545b404ce62a
POST /create/column/5f103a2f1b73545b404ce62a/hello
GET /all
GET /5f103a2f1b73545b404ce62a
GET /all
GET /5f103a2f1b73545b404ce62a
GET /all
GET /5f103a2f1b73545b404ce62a
POST /create/column/5f103a2f1b73545b404ce62a/world
GET /5f103a2f1b73545b404ce62a
GET /all
GET /5f103a2f1b73545b404ce62a
POST /create/column/5f103a2f1b73545b404ce62a/sfd
GET /5f103a2f1b73545b404ce62a
GET /all
GET /5f103a2f1b73545b404ce62a
POST /create/column/5f103a2f1b73545b404ce62a/d
GET /5f103a2f1b73545b404ce62a
GET /all
GET /5f103a2f1b73545b404ce62a
GET /5f103a2f1b73545b404ce62a
GET /5f103a2f1b73545b404ce62a
GET /5f103a2f1b73545b404ce62a
GET /5f103a2f1b73545b404ce62a
GET /5f103a2f1b73545b404ce62a
GET /5f103a2f1b73545b404ce62a
GET /5f103a2f1b73545b404ce62a
GET /5f103a2f1b73545b404ce62a
GET /5f103a2f1b73545b404ce62a
GET /5f103a2f1b73545b404ce62a
GET /5f103a2f1b73545b404ce62a
GET /5f103a2f1b73545b404ce62a
GET /5f103a2f1b73545b404ce62a
GET /5f103a2f1b73545b404ce62a
GET /5f103a2f1b73545b404ce62a
GET /5f103a2f1b73545b404ce62a
GET /5f103a2f1b73545b404ce62a
GET /5f103a2f1b73545b404ce62a
GET /5f103a2f1b73545b404ce62a
GET /5f103a2f1b73545b404ce62a
GET /5f103a2f1b73545b404ce62a
GET /5f103a2f1b73545b404ce62a
GET /5f103a2f1b73545b404ce62a
GET /5f103a2f1b73545b404ce62a
GET /5f103a2f1b73545b404ce62a
GET /5f103a2f1b73545b404ce62a
GET /5f103a2f1b73545b404ce62a
GET /5f103a2f1b73545b404ce62a
GET /5f103a2f1b73545b404ce62a
GET /5f103a2f1b73545b404ce62a
GET /5f103a2f1b73545b404ce62a
GET /5f103a2f1b73545b404ce62a
GET /5f103a2f1b73545b404ce62a
GET /5f103a2f1b73545b404ce62a
GET /5f103a2f1b73545b404ce62a
GET /5f103a2f1b73545b404ce62a
GET /5f103a2f1b73545b404ce62a
GET /5f103a2f1b73545b404ce62a
GET /5f103a2f1b73545b404ce62a
GET /5f103a2f1b73545b404ce62a
GET /5f103a2f1b73545b404ce62a
GET /5f103a2f1b73545b404ce62a
GET /5f103a2f1b73545b404ce62a
GET /5f103a2f1b73545b404ce62a
GET /5f103a2f1b73545b404ce62a
GET /5f103a2f1b73545b404ce62a
GET /5f103a2f1b73545b404ce62a
GET /5f103a2f1b73545b404ce62a
GET /5f103a2f1b73545b404ce62a
GET /5f103a2f1b73545b404ce62a
GET /5f103a2f1b73545b404ce62a
GET /5f103a2f1b73545b404ce62a
GET /5f103a2f1b73545b404ce62a
GET /5f103a2f1b73545b404ce62a
GET /5f103a2f1b73545b404ce62a
GET /5f103a2f1b73545b404ce62a
GET /5f103a2f1b73545b404ce62a
GET /5f103a2f1b73545b404ce62a
GET /5f103a2f1b73545b404ce62a
GET /5f103a2f1b73545b404ce62a
GET /5f103a2f1b73545b404ce62a
GET /5f103a2f1b73545b404ce62a
GET /5f103a2f1b73545b404ce62a
GET /5f103a2f1b73545b404ce62a
GET /5f103a2f1b73545b404ce62a
GET /5f103a2f1b73545b404ce62a
GET /5f103a2f1b73545b404ce62a
GET /5f103a2f1b73545b404ce62a
GET /5f103a2f1b73545b404ce62a
GET /5f103a2f1b73545b404ce62a
GET /5f103a2f1b73545b404ce62a
GET /5f103a2f1b73545b404ce62a
GET /5f103a2f1b73545b404ce62a
GET /5f103a2f1b73545b404ce62a
GET /5f103a2f1b73545b404ce62a
GET /5f103a2f1b73545b404ce62a
GET /5f103a2f1b73545b404ce62a
GET /5f103a2f1b73545b404ce62a
GET /5f103a2f1b73545b404ce62a
GET /5f103a2f1b73545b404ce62a
GET /5f103a2f1b73545b404ce62a
GET /5f103a2f1b73545b404ce62a
GET /5f103a2f1b73545b404ce62a
GET /5f103a2f1b73545b404ce62a
GET /5f103a2f1b73545b404ce62a
GET /5f103a2f1b73545b404ce62a
GET /5f103a2f1b73545b404ce62a
GET /5f103a2f1b73545b404ce62a
GET /5f103a2f1b73545b404ce62a
GET /5f103a2f1b73545b404ce62a
GET /5f103a2f1b73545b404ce62a
GET /5f103a2f1b73545b404ce62a
GET /5f103a2f1b73545b404ce62a
GET /5f103a2f1b73545b404ce62a
GET /5f103a2f1b73545b404ce62a
GET /5f103a2f1b73545b404ce62a
GET /5f103a2f1b73545b404ce62a
GET /5f103a2f1b73545b404ce62a
GET /5f103a2f1b73545b404ce62a
GET /5f103a2f1b73545b404ce62a
GET /5f103a2f1b73545b404ce62a
GET /5f103a2f1b73545b404ce62a
GET /5f103a2f1b73545b404ce62a
GET /5f103a2f1b73545b404ce62a
GET /5f103a2f1b73545b404ce62a
GET /5f103a2f1b73545b404ce62a
GET /5f103a2f1b73545b404ce62a
GET /5f103a2f1b73545b404ce62a
GET /5f103a2f1b73545b404ce62a
GET /5f103a2f1b73545b404ce62a
GET /5f103a2f1b73545b404ce62a
GET /5f103a2f1b73545b404ce62a
GET /5f103a2f1b73545b404ce62a
GET /5f103a2f1b73545b404ce62a
GET /5f103a2f1b73545b404ce62a
GET /5f103a2f1b73545b404ce62a
GET /5f103a2f1b73545b404ce62a
GET /5f103a2f1b73545b404ce62a
GET /5f103a2f1b73545b404ce62a
GET /5f103a2f1b73545b404ce62a
GET /5f103a2f1b73545b404ce62a
GET /all
GET /5f103a2f1b73545b404ce62a
GET /5f103a2f1b73545b404ce62a
GET /all
GET /5f103a2f1b73545b404ce62a
GET /all
GET /5f103a2f1b73545b404ce62a
GET /all
GET /5f103a2f1b73545b404ce62a
GET /all
GET /5f103a2f1b73545b404ce62a
POST /create/column/5f103a2f1b73545b404ce62a/qwes
GET /5f103a2f1b73545b404ce62a
POST /create/column/5f103a2f1b73545b404ce62a/qwes
GET /5f103a2f1b73545b404ce62a
POST /create/column/5f103a2f1b73545b404ce62a/qwes
GET /5f103a2f1b73545b404ce62a
POST /create/column/5f103a2f1b73545b404ce62a/qwes
GET /5f103a2f1b73545b404ce62a
POST /create/column/5f103a2f1b73545b404ce62a/aa
GET /5f103a2f1b73545b404ce62a
POST /create/column/5f103a2f1b73545b404ce62a/aa
GET /5f103a2f1b73545b404ce62a
GET /all
GET /5f103a2f1b73545b404ce62a
POST /create/column/5f103a2f1b73545b404ce62a/ew
GET /5f103a2f1b73545b404ce62a
GET /5f103a2f1b73545b404ce62a
POST /create/column/5f103a2f1b73545b404ce62a/df
GET /5f103a2f1b73545b404ce62a
GET /5f103a2f1b73545b404ce62a
GET /all
GET /5f103a2f1b73545b404ce62a
POST /create/board/aa
GET /all
GET /5f1043036efe316577b13c4a
POST /create/column/5f1043036efe316577b13c4a/wqeqwe
GET /5f1043036efe316577b13c4a
GET /5f1043036efe316577b13c4a
POST /create/column/5f1043036efe316577b13c4a/wqeqwesds
GET /5f1043036efe316577b13c4a
GET /5f1043036efe316577b13c4a
GET /5f103a2f1b73545b404ce62a
GET /5f1043036efe316577b13c4a
GET /5f103a2f1b73545b404ce62a
GET /5f1043036efe316577b13c4a
GET /5f103a2f1b73545b404ce62a
GET /5f1043036efe316577b13c4a
GET /5f1043036efe316577b13c4a
GET /all
GET /5f1043036efe316577b13c4a
GET /all
GET /5f1043036efe316577b13c4a
GET /all
GET /5f1043036efe316577b13c4a
GET /all
GET /5f1043036efe316577b13c4a
GET /all
GET /5f1043036efe316577b13c4a
GET /all
GET /5f1043036efe316577b13c4a
GET /all
GET /5f1043036efe316577b13c4a
POST /create/card/5f1043096efe316577b13c4d/dd
GET /5f1043036efe316577b13c4a
POST /create/card/5f1043096efe316577b13c4d/ddrmr
GET /5f1043036efe316577b13c4a
POST /create/card/5f1043096efe316577b13c4d/ddrmrmv
GET /5f1043036efe316577b13c4a
POST /create/column/5f1043036efe316577b13c4a/Hahaha
GET /5f1043036efe316577b13c4a
GET /5f1043036efe316577b13c4a
POST /create/card/5f1045f1c55ed968446d5a4c/finally
GET /5f1043036efe316577b13c4a
POST /create/column/5f1043036efe316577b13c4a/Hahaha
GET /5f1043036efe316577b13c4a
POST /create/column/5f1043036efe316577b13c4a/Hahaha
GET /5f1043036efe316577b13c4a
POST /create/column/5f1043036efe316577b13c4a/lucya
GET /5f1043036efe316577b13c4a
POST /create/column/5f1043036efe316577b13c4a/lucya
GET /all
GET /5f1043036efe316577b13c4a
POST /create/column/5f1043036efe316577b13c4a/hey
GET /5f1043036efe316577b13c4a
GET /5f1043036efe316577b13c4a
POST /create/column/5f1043036efe316577b13c4a/way
GET /5f1043036efe316577b13c4a
GET /5f1043036efe316577b13c4a
POST /create/column/5f1043036efe316577b13c4a/i%20got%20you
GET /5f1043036efe316577b13c4a
GET /5f1043036efe316577b13c4a
POST /create/board/hello%20world
GET /all
GET /5f10465ac55ed968446d5a56
POST /create/column/5f10465ac55ed968446d5a56/column%201
GET /5f10465ac55ed968446d5a56
GET /5f10465ac55ed968446d5a56
POST /create/column/5f10465ac55ed968446d5a56/column%202
GET /5f10465ac55ed968446d5a56
GET /5f10465ac55ed968446d5a56
POST /create/column/5f10465ac55ed968446d5a56/column%203
GET /5f10465ac55ed968446d5a56
POST /create/column/5f10465ac55ed968446d5a56/column%204
GET /5f10465ac55ed968446d5a56
POST /create/card/5f104661c55ed968446d5a57/card%201
GET /5f10465ac55ed968446d5a56
POST /create/card/5f104661c55ed968446d5a57/card%202
GET /5f10465ac55ed968446d5a56
POST /create/card/5f104661c55ed968446d5a57/card%203
GET /5f10465ac55ed968446d5a56
POST /create/card/5f104661c55ed968446d5a57/card%204
GET /all
GET /5f10465ac55ed968446d5a56
GET /all
GET /5f10465ac55ed968446d5a56
GET /5f10465ac55ed968446d5a56
GET /5f10465ac55ed968446d5a56
GET /5f10465ac55ed968446d5a56
GET /5f10465ac55ed968446d5a56
GET /5f10465ac55ed968446d5a56
GET /5f10465ac55ed968446d5a56
GET /5f10465ac55ed968446d5a56
GET /5f10465ac55ed968446d5a56
GET /5f10465ac55ed968446d5a56
GET /5f10465ac55ed968446d5a56
GET /5f10465ac55ed968446d5a56
GET /5f10465ac55ed968446d5a56
GET /5f10465ac55ed968446d5a56
GET /5f10465ac55ed968446d5a56
GET /5f10465ac55ed968446d5a56
GET /5f10465ac55ed968446d5a56
GET /5f10465ac55ed968446d5a56
GET /5f10465ac55ed968446d5a56
GET /5f10465ac55ed968446d5a56
GET /5f10465ac55ed968446d5a56
GET /5f10465ac55ed968446d5a56
GET /5f10465ac55ed968446d5a56
GET /5f10465ac55ed968446d5a56
GET /5f10465ac55ed968446d5a56
GET /5f10465ac55ed968446d5a56
POST /create/column/5f10465ac55ed968446d5a56/Column%205
GET /5f10465ac55ed968446d5a56
GET /5f10465ac55ed968446d5a56
GET /5f10465ac55ed968446d5a56
GET /5f10465ac55ed968446d5a56
GET /5f10465ac55ed968446d5a56
GET /5f10465ac55ed968446d5a56
GET /5f10465ac55ed968446d5a56
GET /5f10465ac55ed968446d5a56
GET /5f10465ac55ed968446d5a56
GET /5f10465ac55ed968446d5a56
GET /5f10465ac55ed968446d5a56
GET /5f10465ac55ed968446d5a56
GET /5f10465ac55ed968446d5a56
GET /5f10465ac55ed968446d5a56
GET /5f10465ac55ed968446d5a56
GET /5f10465ac55ed968446d5a56
GET /5f10465ac55ed968446d5a56
GET /5f10465ac55ed968446d5a56
GET /5f10465ac55ed968446d5a56
GET /5f10465ac55ed968446d5a56
POST /create/column/5f10465ac55ed968446d5a56/Column%206
GET /5f10465ac55ed968446d5a56
GET /5f10465ac55ed968446d5a56
GET /5f10465ac55ed968446d5a56
GET /5f10465ac55ed968446d5a56
GET /5f10465ac55ed968446d5a56
GET /5f10465ac55ed968446d5a56
GET /5f10465ac55ed968446d5a56
GET /5f10465ac55ed968446d5a56
GET /5f10465ac55ed968446d5a56
GET /5f10465ac55ed968446d5a56
GET /5f10465ac55ed968446d5a56
GET /5f10465ac55ed968446d5a56
GET /5f10465ac55ed968446d5a56
GET /5f10465ac55ed968446d5a56
GET /5f10465ac55ed968446d5a56
GET /5f10465ac55ed968446d5a56
GET /5f10465ac55ed968446d5a56
GET /5f10465ac55ed968446d5a56
GET /5f10465ac55ed968446d5a56
GET /5f10465ac55ed968446d5a56
GET /5f10465ac55ed968446d5a56
GET /5f10465ac55ed968446d5a56
GET /5f10465ac55ed968446d5a56
GET /5f10465ac55ed968446d5a56
GET /5f10465ac55ed968446d5a56
GET /5f10465ac55ed968446d5a56
GET /5f10465ac55ed968446d5a56
GET /5f10465ac55ed968446d5a56
GET /5f10465ac55ed968446d5a56
GET /5f10465ac55ed968446d5a56
GET /5f10465ac55ed968446d5a56
GET /5f10465ac55ed968446d5a56
GET /5f10465ac55ed968446d5a56
GET /5f10465ac55ed968446d5a56
GET /5f10465ac55ed968446d5a56
GET /5f10465ac55ed968446d5a56
GET /5f10465ac55ed968446d5a56
GET /5f10465ac55ed968446d5a56
GET /5f10465ac55ed968446d5a56
GET /5f10465ac55ed968446d5a56
GET /5f10465ac55ed968446d5a56
GET /5f10465ac55ed968446d5a56
GET /5f10465ac55ed968446d5a56
GET /5f10465ac55ed968446d5a56
POST /create/card/5f104661c55ed968446d5a57/card%205
GET /5f10465ac55ed968446d5a56
GET /5f10465ac55ed968446d5a56
GET /5f10465ac55ed968446d5a56
GET /5f10465ac55ed968446d5a56
GET /5f10465ac55ed968446d5a56
GET /5f10465ac55ed968446d5a56
GET /5f10465ac55ed968446d5a56
GET /5f10465ac55ed968446d5a56
GET /5f10465ac55ed968446d5a56
GET /5f10465ac55ed968446d5a56
GET /5f10465ac55ed968446d5a56
GET /5f10465ac55ed968446d5a56
GET /5f10465ac55ed968446d5a56
GET /5f10465ac55ed968446d5a56
GET /5f10465ac55ed968446d5a56
GET /5f10465ac55ed968446d5a56
POST /create/card/5f104661c55ed968446d5a57/card%206
GET /5f10465ac55ed968446d5a56
GET /5f10465ac55ed968446d5a56
GET /5f10465ac55ed968446d5a56
GET /5f10465ac55ed968446d5a56
GET /5f10465ac55ed968446d5a56
GET /5f10465ac55ed968446d5a56
GET /5f10465ac55ed968446d5a56
GET /5f10465ac55ed968446d5a56
GET /5f10465ac55ed968446d5a56
GET /5f10465ac55ed968446d5a56
GET /5f10465ac55ed968446d5a56
GET /5f10465ac55ed968446d5a56
GET /5f10465ac55ed968446d5a56
GET /5f10465ac55ed968446d5a56
GET /5f10465ac55ed968446d5a56
GET /5f10465ac55ed968446d5a56
GET /5f10465ac55ed968446d5a56
GET /5f10465ac55ed968446d5a56
GET /5f10465ac55ed968446d5a56
GET /5f10465ac55ed968446d5a56
GET /5f10465ac55ed968446d5a56
GET /5f10465ac55ed968446d5a56
GET /5f10465ac55ed968446d5a56
GET /5f10465ac55ed968446d5a56
GET /5f10465ac55ed968446d5a56
GET /5f10465ac55ed968446d5a56
GET /5f10465ac55ed968446d5a56
GET /5f10465ac55ed968446d5a56
GET /5f10465ac55ed968446d5a56
GET /5f10465ac55ed968446d5a56
GET /5f10465ac55ed968446d5a56
GET /5f10465ac55ed968446d5a56
GET /5f10465ac55ed968446d5a56
GET /5f10465ac55ed968446d5a56
GET /5f10465ac55ed968446d5a56
GET /5f10465ac55ed968446d5a56
GET /5f10465ac55ed968446d5a56
GET /5f10465ac55ed968446d5a56
GET /5f10465ac55ed968446d5a56
GET /5f10465ac55ed968446d5a56
GET /5f10465ac55ed968446d5a56
GET /5f10465ac55ed968446d5a56
GET /hello_world
GET /5f10465ac55ed968446d5a56
GET /5f10465ac55ed968446d5a56
GET /5f10465ac55ed968446d5a56
GET /5f10465ac55ed968446d5a56
GET /5f10465ac55ed968446d5a56
GET /5f10465ac55ed968446d5a56
GET /5f10465ac55ed968446d5a56
GET /5f10465ac55ed968446d5a56
GET /5f10465ac55ed968446d5a56
GET /5f10465ac55ed968446d5a56
GET /5f10465ac55ed968446d5a56
GET /5f10465ac55ed968446d5a56
GET /5f10465ac55ed968446d5a56
GET /5f10465ac55ed968446d5a56
GET /5f10465ac55ed968446d5a56
GET /5f10465ac55ed968446d5a56
GET /5f10465ac55ed968446d5a56
GET /5f10465ac55ed968446d5a56
GET /5f10465ac55ed968446d5a56
GET /5f10465ac55ed968446d5a56
GET /5f10465ac55ed968446d5a56
GET /5f10465ac55ed968446d5a56
GET /5f10465ac55ed968446d5a56
GET /5f10465ac55ed968446d5a56
GET /5f10465ac55ed968446d5a56
GET /5f10465ac55ed968446d5a56
GET /5f10465ac55ed968446d5a56
GET /5f10465ac55ed968446d5a56
GET /5f10465ac55ed968446d5a56
GET /5f10465ac55ed968446d5a56
GET /5f10465ac55ed968446d5a56
GET /5f10465ac55ed968446d5a56
GET /5f10465ac55ed968446d5a56
GET /5f10465ac55ed968446d5a56
GET /5f10465ac55ed968446d5a56
GET /5f10465ac55ed968446d5a56
GET /5f10465ac55ed968446d5a56
GET /5f10465ac55ed968446d5a56
GET /5f10465ac55ed968446d5a56
GET /5f10465ac55ed968446d5a56
GET /5f10465ac55ed968446d5a56
GET /5f10465ac55ed968446d5a56
GET /5f10465ac55ed968446d5a56
GET /5f10465ac55ed968446d5a56
GET /5f10465ac55ed968446d5a56
GET /5f10465ac55ed968446d5a56
GET /5f10465ac55ed968446d5a56
GET /5f10465ac55ed968446d5a56
GET /5f10465ac55ed968446d5a56
GET /5f10465ac55ed968446d5a56
GET /5f10465ac55ed968446d5a56
GET /5f10465ac55ed968446d5a56
GET /5f10465ac55ed968446d5a56
GET /5f10465ac55ed968446d5a56
GET /5f10465ac55ed968446d5a56
GET /5f10465ac55ed968446d5a56
GET /5f10465ac55ed968446d5a56
GET /5f10465ac55ed968446d5a56
GET /5f10465ac55ed968446d5a56
GET /5f10465ac55ed968446d5a56
GET /5f10465ac55ed968446d5a56
GET /5f10465ac55ed968446d5a56
GET /5f10465ac55ed968446d5a56
GET /5f10465ac55ed968446d5a56
GET /5f10465ac55ed968446d5a56
GET /5f10465ac55ed968446d5a56
GET /5f10465ac55ed968446d5a56
GET /5f10465ac55ed968446d5a56
GET /5f10465ac55ed968446d5a56
GET /5f10465ac55ed968446d5a56
GET /5f10465ac55ed968446d5a56
GET /5f10465ac55ed968446d5a56
GET /5f10465ac55ed968446d5a56
GET /5f10465ac55ed968446d5a56
GET /5f10465ac55ed968446d5a56
GET /5f10465ac55ed968446d5a56
GET /5f10465ac55ed968446d5a56
GET /5f10465ac55ed968446d5a56
GET /5f10465ac55ed968446d5a56
GET /5f10465ac55ed968446d5a56
GET /5f10465ac55ed968446d5a56
GET /5f10465ac55ed968446d5a56
GET /5f10465ac55ed968446d5a56
GET /5f10465ac55ed968446d5a56
GET /5f10465ac55ed968446d5a56
GET /5f10465ac55ed968446d5a56
GET /5f10465ac55ed968446d5a56
GET /5f10465ac55ed968446d5a56
GET /5f10465ac55ed968446d5a56
GET /5f10465ac55ed968446d5a56
GET /5f10465ac55ed968446d5a56
GET /5f10465ac55ed968446d5a56
GET /5f10465ac55ed968446d5a56
GET /5f10465ac55ed968446d5a56
GET /5f10465ac55ed968446d5a56
GET /5f10465ac55ed968446d5a56
GET /5f10465ac55ed968446d5a56
GET /5f10465ac55ed968446d5a56
GET /5f10465ac55ed968446d5a56
GET /5f10465ac55ed968446d5a56
GET /5f10465ac55ed968446d5a56
GET /5f10465ac55ed968446d5a56
GET /5f10465ac55ed968446d5a56
GET /5f10465ac55ed968446d5a56
GET /5f10465ac55ed968446d5a56
GET /5f10465ac55ed968446d5a56
GET /5f10465ac55ed968446d5a56
GET /5f10465ac55ed968446d5a56
GET /5f10465ac55ed968446d5a56
GET /5f10465ac55ed968446d5a56
GET /5f10465ac55ed968446d5a56
GET /5f10465ac55ed968446d5a56
GET /5f10465ac55ed968446d5a56
GET /5f10465ac55ed968446d5a56
GET /5f10465ac55ed968446d5a56
GET /5f10465ac55ed968446d5a56
GET /5f10465ac55ed968446d5a56
GET /5f10465ac55ed968446d5a56
GET /5f10465ac55ed968446d5a56
GET /5f10465ac55ed968446d5a56
GET /5f10465ac55ed968446d5a56
GET /5f10465ac55ed968446d5a56
GET /5f10465ac55ed968446d5a56
GET /5f10465ac55ed968446d5a56
GET /5f10465ac55ed968446d5a56
GET /5f10465ac55ed968446d5a56
GET /5f10465ac55ed968446d5a56
GET /5f10465ac55ed968446d5a56
GET /5f10465ac55ed968446d5a56
GET /5f10465ac55ed968446d5a56
GET /5f10465ac55ed968446d5a56
GET /5f10465ac55ed968446d5a56
GET /5f10465ac55ed968446d5a56
GET /5f10465ac55ed968446d5a56
GET /5f10465ac55ed968446d5a56
GET /5f10465ac55ed968446d5a56
GET /5f10465ac55ed968446d5a56
GET /5f10465ac55ed968446d5a56
GET /5f10465ac55ed968446d5a56
GET /5f10465ac55ed968446d5a56
GET /5f10465ac55ed968446d5a56
GET /5f10465ac55ed968446d5a56
GET /5f10465ac55ed968446d5a56
GET /5f10465ac55ed968446d5a56
GET /5f10465ac55ed968446d5a56
GET /5f10465ac55ed968446d5a56
GET /5f10465ac55ed968446d5a56
GET /5f10465ac55ed968446d5a56
GET /5f10465ac55ed968446d5a56
GET /5f10465ac55ed968446d5a56
GET /5f10465ac55ed968446d5a56
GET /5f10465ac55ed968446d5a56
GET /5f10465ac55ed968446d5a56
GET /5f10465ac55ed968446d5a56
GET /5f10465ac55ed968446d5a56
GET /5f10465ac55ed968446d5a56
GET /5f10465ac55ed968446d5a56
GET /5f10465ac55ed968446d5a56
GET /5f10465ac55ed968446d5a56
GET /5f10465ac55ed968446d5a56
GET /5f10465ac55ed968446d5a56
GET /5f10465ac55ed968446d5a56
GET /5f10465ac55ed968446d5a56
GET /5f10465ac55ed968446d5a56
GET /5f10465ac55ed968446d5a56
GET /5f10465ac55ed968446d5a56
GET /5f10465ac55ed968446d5a56
GET /5f10465ac55ed968446d5a56
GET /5f10465ac55ed968446d5a56
GET /5f10465ac55ed968446d5a56
GET /5f10465ac55ed968446d5a56
GET /5f10465ac55ed968446d5a56
GET /5f10465ac55ed968446d5a56
GET /5f10465ac55ed968446d5a56
GET /5f10465ac55ed968446d5a56
GET /5f10465ac55ed968446d5a56
GET /5f10465ac55ed968446d5a56
GET /5f10465ac55ed968446d5a56
GET /5f10465ac55ed968446d5a56
GET /5f10465ac55ed968446d5a56
GET /all
GET /5f10465ac55ed968446d5a56
